<?xml version="1.0" encoding="UTF-8"?>
<!-- Generated by org.testng.reporters.JUnitXMLReporter -->
<testsuite hostname="DESKTOP-VJN2BB9" name="Default test" tests="1" failures="0" timestamp="24 Jul 2017 11:07:11 GMT" time="0.045" errors="0">
  <testcase name="@BeforeMethod setup" time="0.0" classname="com.script.ToastMessage">
    <failure type="org.testng.TestNGException" message="
Parameter &amp;apos;port&amp;apos; is required by @Configuration on method setup but has not been marked @Optional or defined
in C:\Users\Vijay\AppData\Local\Temp\testng-eclipse-525661476\testng-customsuite.xml">
      <![CDATA[org.testng.TestNGException: 
Parameter 'port' is required by @Configuration on method setup but has not been marked @Optional or defined
in C:\Users\Vijay\AppData\Local\Temp\testng-eclipse-525661476\testng-customsuite.xml
	at org.testng.internal.Parameters.createParameters(Parameters.java:154)
	at org.testng.internal.Parameters.createParameters(Parameters.java:361)
	at org.testng.internal.Parameters.createConfigurationParameters(Parameters.java:84)
	at org.testng.internal.Invoker.invokeConfigurations(Invoker.java:197)
	at org.testng.internal.Invoker.invokeMethod(Invoker.java:585)
	at org.testng.internal.Invoker.invokeTestMethod(Invoker.java:816)
	at org.testng.internal.Invoker.invokeTestMethods(Invoker.java:1124)
	at org.testng.internal.TestMethodWorker.invokeTestMethods(TestMethodWorker.java:125)
	at org.testng.internal.TestMethodWorker.run(TestMethodWorker.java:108)
	at org.testng.TestRunner.privateRun(TestRunner.java:774)
	at org.testng.TestRunner.run(TestRunner.java:624)
	at org.testng.SuiteRunner.runTest(SuiteRunner.java:359)
	at org.testng.SuiteRunner.runSequentially(SuiteRunner.java:354)
	at org.testng.SuiteRunner.privateRun(SuiteRunner.java:312)
	at org.testng.SuiteRunner.run(SuiteRunner.java:261)
	at org.testng.SuiteRunnerWorker.runSuite(SuiteRunnerWorker.java:52)
	at org.testng.SuiteRunnerWorker.run(SuiteRunnerWorker.java:86)
	at org.testng.TestNG.runSuitesSequentially(TestNG.java:1215)
	at org.testng.TestNG.runSuitesLocally(TestNG.java:1140)
	at org.testng.TestNG.run(TestNG.java:1048)
	at org.testng.remote.AbstractRemoteTestNG.run(AbstractRemoteTestNG.java:132)
	at org.testng.remote.RemoteTestNG.initAndRun(RemoteTestNG.java:230)
	at org.testng.remote.RemoteTestNG.main(RemoteTestNG.java:76)
]]>
    </failure>
  </testcase> <!-- @BeforeMethod setup -->
  <testcase name="@AfterMethod teardown" time="0.0" classname="com.script.ToastMessage">
    <skipped/>
  </testcase> <!-- @AfterMethod teardown -->
  <testcase name="verifYToastMessage" time="0.009" classname="com.script.ToastMessage">
    <skipped/>
  </testcase> <!-- verifYToastMessage -->
</testsuite> <!-- Default test -->
